<?xml version="1.0" encoding="UTF-8"?>
<!-- Generated by org.testng.reporters.JUnitReportReporter -->
<testsuite hostname="DESKTOP-CEESDAM" failures="0" tests="1" name="Testcases.Logingapp" time="2.457" errors="0" timestamp="2022-05-12T17:37:31 EDT" skipped="0">
  <testcase classname="Testcases.Logingapp" name="loging" time="2.457"/>
  <system-out/>
</testsuite> <!-- Testcases.Logingapp -->
