<?xml version="1.0" encoding="UTF-8"?>
<!-- Generated by org.testng.reporters.JUnitReportReporter -->
<testsuite hostname="DESKTOP-CEESDAM" failures="0" tests="1" name="introduction.Selenium" time="2.132" errors="0" timestamp="2022-05-15T17:04:45 EDT" skipped="0">
  <testcase classname="introduction.Selenium" name="loging" time="2.132"/>
  <system-out/>
</testsuite> <!-- introduction.Selenium -->
