<?xml version="1.0" encoding="UTF-8"?>
<!-- Generated by org.testng.reporters.JUnitReportReporter -->
<testsuite hostname="DESKTOP-CEESDAM" failures="0" tests="1" name="Testcases.ExtentReportD" time="5.356" errors="0" timestamp="2022-05-16T16:50:35 EDT" skipped="0">
  <testcase classname="Testcases.ExtentReportD" name="initialDemo" time="5.356"/>
  <system-out/>
</testsuite> <!-- Testcases.ExtentReportD -->
