<?xml version="1.0" encoding="UTF-8"?>
<!-- Generated by org.testng.reporters.JUnitReportReporter -->
<testsuite hostname="DESKTOP-CEESDAM" failures="0" tests="1" name="objectrepository.ExtentReportDemo" time="5.863" errors="0" timestamp="2022-05-16T12:59:24 EDT" skipped="0">
  <testcase classname="objectrepository.ExtentReportDemo" name="initialDemo" time="5.863"/>
  <system-out/>
</testsuite> <!-- objectrepository.ExtentReportDemo -->
